ARM GAS  C:\Users\nine\AppData\Local\Temp\ccIT0uvk.s 			page 1


   1              		.cpu cortex-m3
   2              		.arch armv7-m
   3              		.fpu softvfp
   4              		.eabi_attribute 20, 1
   5              		.eabi_attribute 21, 1
   6              		.eabi_attribute 23, 3
   7              		.eabi_attribute 24, 1
   8              		.eabi_attribute 25, 1
   9              		.eabi_attribute 26, 1
  10              		.eabi_attribute 30, 1
  11              		.eabi_attribute 34, 1
  12              		.eabi_attribute 18, 4
  13              		.file	"misc.c"
  14              		.text
  15              	.Ltext0:
  16              		.cfi_sections	.debug_frame
  17              		.section	.text.NVIC_PriorityGroupConfig,"ax",%progbits
  18              		.align	1
  19              		.global	NVIC_PriorityGroupConfig
  20              		.syntax unified
  21              		.thumb
  22              		.thumb_func
  24              	NVIC_PriorityGroupConfig:
  25              	.LVL0:
  26              	.LFB29:
  27              		.file 1 "Drivers/STM32F10x_StdPeriph_Driver/Source/misc.c"
   1:Drivers/STM32F10x_StdPeriph_Driver/Source/misc.c **** /**
   2:Drivers/STM32F10x_StdPeriph_Driver/Source/misc.c ****   ******************************************************************************
   3:Drivers/STM32F10x_StdPeriph_Driver/Source/misc.c ****   * @file    misc.c
   4:Drivers/STM32F10x_StdPeriph_Driver/Source/misc.c ****   * @author  MCD Application Team
   5:Drivers/STM32F10x_StdPeriph_Driver/Source/misc.c ****   * @version V3.6.2
   6:Drivers/STM32F10x_StdPeriph_Driver/Source/misc.c ****   * @date    17-September-2021
   7:Drivers/STM32F10x_StdPeriph_Driver/Source/misc.c ****   * @brief   This file provides all the miscellaneous firmware functions (add-on
   8:Drivers/STM32F10x_StdPeriph_Driver/Source/misc.c ****   *          to CMSIS functions).
   9:Drivers/STM32F10x_StdPeriph_Driver/Source/misc.c ****   ******************************************************************************
  10:Drivers/STM32F10x_StdPeriph_Driver/Source/misc.c ****   * @attention
  11:Drivers/STM32F10x_StdPeriph_Driver/Source/misc.c ****   *
  12:Drivers/STM32F10x_StdPeriph_Driver/Source/misc.c ****   * Copyright (c) 2012 STMicroelectronics.
  13:Drivers/STM32F10x_StdPeriph_Driver/Source/misc.c ****   * All rights reserved.
  14:Drivers/STM32F10x_StdPeriph_Driver/Source/misc.c ****   *
  15:Drivers/STM32F10x_StdPeriph_Driver/Source/misc.c ****   * This software is licensed under terms that can be found in the LICENSE file
  16:Drivers/STM32F10x_StdPeriph_Driver/Source/misc.c ****   * in the root directory of this software component.
  17:Drivers/STM32F10x_StdPeriph_Driver/Source/misc.c ****   * If no LICENSE file comes with this software, it is provided AS-IS.
  18:Drivers/STM32F10x_StdPeriph_Driver/Source/misc.c ****   *
  19:Drivers/STM32F10x_StdPeriph_Driver/Source/misc.c ****   ******************************************************************************
  20:Drivers/STM32F10x_StdPeriph_Driver/Source/misc.c ****   */
  21:Drivers/STM32F10x_StdPeriph_Driver/Source/misc.c **** 
  22:Drivers/STM32F10x_StdPeriph_Driver/Source/misc.c **** /* Includes ------------------------------------------------------------------*/
  23:Drivers/STM32F10x_StdPeriph_Driver/Source/misc.c **** #include "misc.h"
  24:Drivers/STM32F10x_StdPeriph_Driver/Source/misc.c **** 
  25:Drivers/STM32F10x_StdPeriph_Driver/Source/misc.c **** /** @addtogroup STM32F10x_StdPeriph_Driver
  26:Drivers/STM32F10x_StdPeriph_Driver/Source/misc.c ****   * @{
  27:Drivers/STM32F10x_StdPeriph_Driver/Source/misc.c ****   */
  28:Drivers/STM32F10x_StdPeriph_Driver/Source/misc.c **** 
  29:Drivers/STM32F10x_StdPeriph_Driver/Source/misc.c **** /** @defgroup MISC 
  30:Drivers/STM32F10x_StdPeriph_Driver/Source/misc.c ****   * @brief MISC driver modules
  31:Drivers/STM32F10x_StdPeriph_Driver/Source/misc.c ****   * @{
ARM GAS  C:\Users\nine\AppData\Local\Temp\ccIT0uvk.s 			page 2


  32:Drivers/STM32F10x_StdPeriph_Driver/Source/misc.c ****   */
  33:Drivers/STM32F10x_StdPeriph_Driver/Source/misc.c **** 
  34:Drivers/STM32F10x_StdPeriph_Driver/Source/misc.c **** /** @defgroup MISC_Private_TypesDefinitions
  35:Drivers/STM32F10x_StdPeriph_Driver/Source/misc.c ****   * @{
  36:Drivers/STM32F10x_StdPeriph_Driver/Source/misc.c ****   */
  37:Drivers/STM32F10x_StdPeriph_Driver/Source/misc.c **** 
  38:Drivers/STM32F10x_StdPeriph_Driver/Source/misc.c **** /**
  39:Drivers/STM32F10x_StdPeriph_Driver/Source/misc.c ****   * @}
  40:Drivers/STM32F10x_StdPeriph_Driver/Source/misc.c ****   */ 
  41:Drivers/STM32F10x_StdPeriph_Driver/Source/misc.c **** 
  42:Drivers/STM32F10x_StdPeriph_Driver/Source/misc.c **** /** @defgroup MISC_Private_Defines
  43:Drivers/STM32F10x_StdPeriph_Driver/Source/misc.c ****   * @{
  44:Drivers/STM32F10x_StdPeriph_Driver/Source/misc.c ****   */
  45:Drivers/STM32F10x_StdPeriph_Driver/Source/misc.c **** 
  46:Drivers/STM32F10x_StdPeriph_Driver/Source/misc.c **** #define AIRCR_VECTKEY_MASK    ((uint32_t)0x05FA0000)
  47:Drivers/STM32F10x_StdPeriph_Driver/Source/misc.c **** /**
  48:Drivers/STM32F10x_StdPeriph_Driver/Source/misc.c ****   * @}
  49:Drivers/STM32F10x_StdPeriph_Driver/Source/misc.c ****   */
  50:Drivers/STM32F10x_StdPeriph_Driver/Source/misc.c **** 
  51:Drivers/STM32F10x_StdPeriph_Driver/Source/misc.c **** /** @defgroup MISC_Private_Macros
  52:Drivers/STM32F10x_StdPeriph_Driver/Source/misc.c ****   * @{
  53:Drivers/STM32F10x_StdPeriph_Driver/Source/misc.c ****   */
  54:Drivers/STM32F10x_StdPeriph_Driver/Source/misc.c **** 
  55:Drivers/STM32F10x_StdPeriph_Driver/Source/misc.c **** /**
  56:Drivers/STM32F10x_StdPeriph_Driver/Source/misc.c ****   * @}
  57:Drivers/STM32F10x_StdPeriph_Driver/Source/misc.c ****   */
  58:Drivers/STM32F10x_StdPeriph_Driver/Source/misc.c **** 
  59:Drivers/STM32F10x_StdPeriph_Driver/Source/misc.c **** /** @defgroup MISC_Private_Variables
  60:Drivers/STM32F10x_StdPeriph_Driver/Source/misc.c ****   * @{
  61:Drivers/STM32F10x_StdPeriph_Driver/Source/misc.c ****   */
  62:Drivers/STM32F10x_StdPeriph_Driver/Source/misc.c **** 
  63:Drivers/STM32F10x_StdPeriph_Driver/Source/misc.c **** /**
  64:Drivers/STM32F10x_StdPeriph_Driver/Source/misc.c ****   * @}
  65:Drivers/STM32F10x_StdPeriph_Driver/Source/misc.c ****   */
  66:Drivers/STM32F10x_StdPeriph_Driver/Source/misc.c **** 
  67:Drivers/STM32F10x_StdPeriph_Driver/Source/misc.c **** /** @defgroup MISC_Private_FunctionPrototypes
  68:Drivers/STM32F10x_StdPeriph_Driver/Source/misc.c ****   * @{
  69:Drivers/STM32F10x_StdPeriph_Driver/Source/misc.c ****   */
  70:Drivers/STM32F10x_StdPeriph_Driver/Source/misc.c **** 
  71:Drivers/STM32F10x_StdPeriph_Driver/Source/misc.c **** /**
  72:Drivers/STM32F10x_StdPeriph_Driver/Source/misc.c ****   * @}
  73:Drivers/STM32F10x_StdPeriph_Driver/Source/misc.c ****   */
  74:Drivers/STM32F10x_StdPeriph_Driver/Source/misc.c **** 
  75:Drivers/STM32F10x_StdPeriph_Driver/Source/misc.c **** /** @defgroup MISC_Private_Functions
  76:Drivers/STM32F10x_StdPeriph_Driver/Source/misc.c ****   * @{
  77:Drivers/STM32F10x_StdPeriph_Driver/Source/misc.c ****   */
  78:Drivers/STM32F10x_StdPeriph_Driver/Source/misc.c **** 
  79:Drivers/STM32F10x_StdPeriph_Driver/Source/misc.c **** /**
  80:Drivers/STM32F10x_StdPeriph_Driver/Source/misc.c ****   * @brief  Configures the priority grouping: pre-emption priority and subpriority.
  81:Drivers/STM32F10x_StdPeriph_Driver/Source/misc.c ****   * @param  NVIC_PriorityGroup: specifies the priority grouping bits length. 
  82:Drivers/STM32F10x_StdPeriph_Driver/Source/misc.c ****   *   This parameter can be one of the following values:
  83:Drivers/STM32F10x_StdPeriph_Driver/Source/misc.c ****   *     @arg NVIC_PriorityGroup_0: 0 bits for pre-emption priority
  84:Drivers/STM32F10x_StdPeriph_Driver/Source/misc.c ****   *                                4 bits for subpriority
  85:Drivers/STM32F10x_StdPeriph_Driver/Source/misc.c ****   *     @arg NVIC_PriorityGroup_1: 1 bits for pre-emption priority
  86:Drivers/STM32F10x_StdPeriph_Driver/Source/misc.c ****   *                                3 bits for subpriority
  87:Drivers/STM32F10x_StdPeriph_Driver/Source/misc.c ****   *     @arg NVIC_PriorityGroup_2: 2 bits for pre-emption priority
  88:Drivers/STM32F10x_StdPeriph_Driver/Source/misc.c ****   *                                2 bits for subpriority
ARM GAS  C:\Users\nine\AppData\Local\Temp\ccIT0uvk.s 			page 3


  89:Drivers/STM32F10x_StdPeriph_Driver/Source/misc.c ****   *     @arg NVIC_PriorityGroup_3: 3 bits for pre-emption priority
  90:Drivers/STM32F10x_StdPeriph_Driver/Source/misc.c ****   *                                1 bits for subpriority
  91:Drivers/STM32F10x_StdPeriph_Driver/Source/misc.c ****   *     @arg NVIC_PriorityGroup_4: 4 bits for pre-emption priority
  92:Drivers/STM32F10x_StdPeriph_Driver/Source/misc.c ****   *                                0 bits for subpriority
  93:Drivers/STM32F10x_StdPeriph_Driver/Source/misc.c ****   * @retval None
  94:Drivers/STM32F10x_StdPeriph_Driver/Source/misc.c ****   */
  95:Drivers/STM32F10x_StdPeriph_Driver/Source/misc.c **** void NVIC_PriorityGroupConfig(uint32_t NVIC_PriorityGroup)
  96:Drivers/STM32F10x_StdPeriph_Driver/Source/misc.c **** {
  28              		.loc 1 96 1 view -0
  29              		.cfi_startproc
  30              		@ args = 0, pretend = 0, frame = 0
  31              		@ frame_needed = 0, uses_anonymous_args = 0
  32              		@ link register save eliminated.
  97:Drivers/STM32F10x_StdPeriph_Driver/Source/misc.c ****   /* Check the parameters */
  98:Drivers/STM32F10x_StdPeriph_Driver/Source/misc.c ****   assert_param(IS_NVIC_PRIORITY_GROUP(NVIC_PriorityGroup));
  33              		.loc 1 98 3 view .LVU1
  99:Drivers/STM32F10x_StdPeriph_Driver/Source/misc.c ****   
 100:Drivers/STM32F10x_StdPeriph_Driver/Source/misc.c ****   /* Set the PRIGROUP[10:8] bits according to NVIC_PriorityGroup value */
 101:Drivers/STM32F10x_StdPeriph_Driver/Source/misc.c ****   SCB->AIRCR = AIRCR_VECTKEY_MASK | NVIC_PriorityGroup;
  34              		.loc 1 101 3 view .LVU2
  35              		.loc 1 101 35 is_stmt 0 view .LVU3
  36 0000 40F0BF60 		orr	r0, r0, #100139008
  37              	.LVL1:
  38              		.loc 1 101 35 view .LVU4
  39 0004 40F40030 		orr	r0, r0, #131072
  40              		.loc 1 101 14 view .LVU5
  41 0008 014B     		ldr	r3, .L2
  42 000a D860     		str	r0, [r3, #12]
 102:Drivers/STM32F10x_StdPeriph_Driver/Source/misc.c **** }
  43              		.loc 1 102 1 view .LVU6
  44 000c 7047     		bx	lr
  45              	.L3:
  46 000e 00BF     		.align	2
  47              	.L2:
  48 0010 00ED00E0 		.word	-536810240
  49              		.cfi_endproc
  50              	.LFE29:
  52              		.section	.text.NVIC_Init,"ax",%progbits
  53              		.align	1
  54              		.global	NVIC_Init
  55              		.syntax unified
  56              		.thumb
  57              		.thumb_func
  59              	NVIC_Init:
  60              	.LVL2:
  61              	.LFB30:
 103:Drivers/STM32F10x_StdPeriph_Driver/Source/misc.c **** 
 104:Drivers/STM32F10x_StdPeriph_Driver/Source/misc.c **** /**
 105:Drivers/STM32F10x_StdPeriph_Driver/Source/misc.c ****   * @brief  Initializes the NVIC peripheral according to the specified
 106:Drivers/STM32F10x_StdPeriph_Driver/Source/misc.c ****   *         parameters in the NVIC_InitStruct.
 107:Drivers/STM32F10x_StdPeriph_Driver/Source/misc.c ****   * @param  NVIC_InitStruct: pointer to a NVIC_InitTypeDef structure that contains
 108:Drivers/STM32F10x_StdPeriph_Driver/Source/misc.c ****   *         the configuration information for the specified NVIC peripheral.
 109:Drivers/STM32F10x_StdPeriph_Driver/Source/misc.c ****   * @retval None
 110:Drivers/STM32F10x_StdPeriph_Driver/Source/misc.c ****   */
 111:Drivers/STM32F10x_StdPeriph_Driver/Source/misc.c **** void NVIC_Init(NVIC_InitTypeDef* NVIC_InitStruct)
 112:Drivers/STM32F10x_StdPeriph_Driver/Source/misc.c **** {
  62              		.loc 1 112 1 is_stmt 1 view -0
ARM GAS  C:\Users\nine\AppData\Local\Temp\ccIT0uvk.s 			page 4


  63              		.cfi_startproc
  64              		@ args = 0, pretend = 0, frame = 0
  65              		@ frame_needed = 0, uses_anonymous_args = 0
  66              		@ link register save eliminated.
 113:Drivers/STM32F10x_StdPeriph_Driver/Source/misc.c ****   uint32_t tmppriority = 0x00, tmppre = 0x00, tmpsub = 0x0F;
  67              		.loc 1 113 3 view .LVU8
 114:Drivers/STM32F10x_StdPeriph_Driver/Source/misc.c ****   
 115:Drivers/STM32F10x_StdPeriph_Driver/Source/misc.c ****   /* Check the parameters */
 116:Drivers/STM32F10x_StdPeriph_Driver/Source/misc.c ****   assert_param(IS_FUNCTIONAL_STATE(NVIC_InitStruct->NVIC_IRQChannelCmd));
  68              		.loc 1 116 3 view .LVU9
 117:Drivers/STM32F10x_StdPeriph_Driver/Source/misc.c ****   assert_param(IS_NVIC_PREEMPTION_PRIORITY(NVIC_InitStruct->NVIC_IRQChannelPreemptionPriority));  
  69              		.loc 1 117 3 view .LVU10
 118:Drivers/STM32F10x_StdPeriph_Driver/Source/misc.c ****   assert_param(IS_NVIC_SUB_PRIORITY(NVIC_InitStruct->NVIC_IRQChannelSubPriority));
  70              		.loc 1 118 3 view .LVU11
 119:Drivers/STM32F10x_StdPeriph_Driver/Source/misc.c ****     
 120:Drivers/STM32F10x_StdPeriph_Driver/Source/misc.c ****   if (NVIC_InitStruct->NVIC_IRQChannelCmd != DISABLE)
  71              		.loc 1 120 3 view .LVU12
  72              		.loc 1 120 22 is_stmt 0 view .LVU13
  73 0000 C378     		ldrb	r3, [r0, #3]	@ zero_extendqisi2
  74              		.loc 1 120 6 view .LVU14
  75 0002 FBB1     		cbz	r3, .L5
 121:Drivers/STM32F10x_StdPeriph_Driver/Source/misc.c ****   {
 122:Drivers/STM32F10x_StdPeriph_Driver/Source/misc.c ****     /* Compute the Corresponding IRQ Priority --------------------------------*/    
 123:Drivers/STM32F10x_StdPeriph_Driver/Source/misc.c ****     tmppriority = (0x700 - ((SCB->AIRCR) & (uint32_t)0x700))>> 0x08;
  76              		.loc 1 123 5 is_stmt 1 view .LVU15
  77              		.loc 1 123 33 is_stmt 0 view .LVU16
  78 0004 154B     		ldr	r3, .L7
  79 0006 DA68     		ldr	r2, [r3, #12]
  80              		.loc 1 123 26 view .LVU17
  81 0008 D243     		mvns	r2, r2
  82              		.loc 1 123 17 view .LVU18
  83 000a C2F30222 		ubfx	r2, r2, #8, #3
  84              	.LVL3:
 124:Drivers/STM32F10x_StdPeriph_Driver/Source/misc.c ****     tmppre = (0x4 - tmppriority);
  85              		.loc 1 124 5 is_stmt 1 view .LVU19
  86              		.loc 1 124 12 is_stmt 0 view .LVU20
  87 000e C2F1040C 		rsb	ip, r2, #4
  88              	.LVL4:
 125:Drivers/STM32F10x_StdPeriph_Driver/Source/misc.c ****     tmpsub = tmpsub >> tmppriority;
  89              		.loc 1 125 5 is_stmt 1 view .LVU21
  90              		.loc 1 125 12 is_stmt 0 view .LVU22
  91 0012 0F23     		movs	r3, #15
  92 0014 23FA02F2 		lsr	r2, r3, r2
  93              	.LVL5:
 126:Drivers/STM32F10x_StdPeriph_Driver/Source/misc.c **** 
 127:Drivers/STM32F10x_StdPeriph_Driver/Source/misc.c ****     tmppriority = (uint32_t)NVIC_InitStruct->NVIC_IRQChannelPreemptionPriority << tmppre;
  94              		.loc 1 127 5 is_stmt 1 view .LVU23
  95              		.loc 1 127 44 is_stmt 0 view .LVU24
  96 0018 4178     		ldrb	r1, [r0, #1]	@ zero_extendqisi2
  97              		.loc 1 127 17 view .LVU25
  98 001a 01FA0CF1 		lsl	r1, r1, ip
  99              	.LVL6:
 128:Drivers/STM32F10x_StdPeriph_Driver/Source/misc.c ****     tmppriority |=  NVIC_InitStruct->NVIC_IRQChannelSubPriority & tmpsub;
 100              		.loc 1 128 5 is_stmt 1 view .LVU26
 101              		.loc 1 128 36 is_stmt 0 view .LVU27
 102 001e 8378     		ldrb	r3, [r0, #2]	@ zero_extendqisi2
 103              		.loc 1 128 65 view .LVU28
ARM GAS  C:\Users\nine\AppData\Local\Temp\ccIT0uvk.s 			page 5


 104 0020 1340     		ands	r3, r3, r2
 105              		.loc 1 128 17 view .LVU29
 106 0022 0B43     		orrs	r3, r3, r1
 107              	.LVL7:
 129:Drivers/STM32F10x_StdPeriph_Driver/Source/misc.c ****     tmppriority = tmppriority << 0x04;
 108              		.loc 1 129 5 is_stmt 1 view .LVU30
 109              		.loc 1 129 17 is_stmt 0 view .LVU31
 110 0024 1B01     		lsls	r3, r3, #4
 111              	.LVL8:
 130:Drivers/STM32F10x_StdPeriph_Driver/Source/misc.c ****         
 131:Drivers/STM32F10x_StdPeriph_Driver/Source/misc.c ****     NVIC->IP[NVIC_InitStruct->NVIC_IRQChannel] = tmppriority;
 112              		.loc 1 131 5 is_stmt 1 view .LVU32
 113              		.loc 1 131 29 is_stmt 0 view .LVU33
 114 0026 0278     		ldrb	r2, [r0]	@ zero_extendqisi2
 115              	.LVL9:
 116              		.loc 1 131 48 view .LVU34
 117 0028 DBB2     		uxtb	r3, r3
 118              	.LVL10:
 119              		.loc 1 131 48 view .LVU35
 120 002a 0D49     		ldr	r1, .L7+4
 121 002c 0A44     		add	r2, r2, r1
 122 002e 82F80033 		strb	r3, [r2, #768]
 132:Drivers/STM32F10x_StdPeriph_Driver/Source/misc.c ****     
 133:Drivers/STM32F10x_StdPeriph_Driver/Source/misc.c ****     /* Enable the Selected IRQ Channels --------------------------------------*/
 134:Drivers/STM32F10x_StdPeriph_Driver/Source/misc.c ****     NVIC->ISER[NVIC_InitStruct->NVIC_IRQChannel >> 0x05] =
 123              		.loc 1 134 5 is_stmt 1 view .LVU36
 135:Drivers/STM32F10x_StdPeriph_Driver/Source/misc.c ****       (uint32_t)0x01 << (NVIC_InitStruct->NVIC_IRQChannel & (uint8_t)0x1F);
 124              		.loc 1 135 41 is_stmt 0 view .LVU37
 125 0032 0378     		ldrb	r3, [r0]	@ zero_extendqisi2
 126              		.loc 1 135 59 view .LVU38
 127 0034 03F01F00 		and	r0, r3, #31
 128              	.LVL11:
 134:Drivers/STM32F10x_StdPeriph_Driver/Source/misc.c ****       (uint32_t)0x01 << (NVIC_InitStruct->NVIC_IRQChannel & (uint8_t)0x1F);
 129              		.loc 1 134 49 view .LVU39
 130 0038 5B09     		lsrs	r3, r3, #5
 131              		.loc 1 135 22 view .LVU40
 132 003a 0122     		movs	r2, #1
 133 003c 8240     		lsls	r2, r2, r0
 134:Drivers/STM32F10x_StdPeriph_Driver/Source/misc.c ****       (uint32_t)0x01 << (NVIC_InitStruct->NVIC_IRQChannel & (uint8_t)0x1F);
 134              		.loc 1 134 58 view .LVU41
 135 003e 41F82320 		str	r2, [r1, r3, lsl #2]
 136 0042 7047     		bx	lr
 137              	.LVL12:
 138              	.L5:
 136:Drivers/STM32F10x_StdPeriph_Driver/Source/misc.c ****   }
 137:Drivers/STM32F10x_StdPeriph_Driver/Source/misc.c ****   else
 138:Drivers/STM32F10x_StdPeriph_Driver/Source/misc.c ****   {
 139:Drivers/STM32F10x_StdPeriph_Driver/Source/misc.c ****     /* Disable the Selected IRQ Channels -------------------------------------*/
 140:Drivers/STM32F10x_StdPeriph_Driver/Source/misc.c ****     NVIC->ICER[NVIC_InitStruct->NVIC_IRQChannel >> 0x05] =
 139              		.loc 1 140 5 is_stmt 1 view .LVU42
 141:Drivers/STM32F10x_StdPeriph_Driver/Source/misc.c ****       (uint32_t)0x01 << (NVIC_InitStruct->NVIC_IRQChannel & (uint8_t)0x1F);
 140              		.loc 1 141 41 is_stmt 0 view .LVU43
 141 0044 0378     		ldrb	r3, [r0]	@ zero_extendqisi2
 142              		.loc 1 141 59 view .LVU44
 143 0046 03F01F01 		and	r1, r3, #31
 140:Drivers/STM32F10x_StdPeriph_Driver/Source/misc.c ****       (uint32_t)0x01 << (NVIC_InitStruct->NVIC_IRQChannel & (uint8_t)0x1F);
 144              		.loc 1 140 49 view .LVU45
ARM GAS  C:\Users\nine\AppData\Local\Temp\ccIT0uvk.s 			page 6


 145 004a 5B09     		lsrs	r3, r3, #5
 146              		.loc 1 141 22 view .LVU46
 147 004c 0122     		movs	r2, #1
 148 004e 8A40     		lsls	r2, r2, r1
 140:Drivers/STM32F10x_StdPeriph_Driver/Source/misc.c ****       (uint32_t)0x01 << (NVIC_InitStruct->NVIC_IRQChannel & (uint8_t)0x1F);
 149              		.loc 1 140 58 view .LVU47
 150 0050 2033     		adds	r3, r3, #32
 151 0052 0349     		ldr	r1, .L7+4
 152 0054 41F82320 		str	r2, [r1, r3, lsl #2]
 142:Drivers/STM32F10x_StdPeriph_Driver/Source/misc.c ****   }
 143:Drivers/STM32F10x_StdPeriph_Driver/Source/misc.c **** }
 153              		.loc 1 143 1 view .LVU48
 154 0058 7047     		bx	lr
 155              	.L8:
 156 005a 00BF     		.align	2
 157              	.L7:
 158 005c 00ED00E0 		.word	-536810240
 159 0060 00E100E0 		.word	-536813312
 160              		.cfi_endproc
 161              	.LFE30:
 163              		.section	.text.NVIC_SetVectorTable,"ax",%progbits
 164              		.align	1
 165              		.global	NVIC_SetVectorTable
 166              		.syntax unified
 167              		.thumb
 168              		.thumb_func
 170              	NVIC_SetVectorTable:
 171              	.LVL13:
 172              	.LFB31:
 144:Drivers/STM32F10x_StdPeriph_Driver/Source/misc.c **** 
 145:Drivers/STM32F10x_StdPeriph_Driver/Source/misc.c **** /**
 146:Drivers/STM32F10x_StdPeriph_Driver/Source/misc.c ****   * @brief  Sets the vector table location and Offset.
 147:Drivers/STM32F10x_StdPeriph_Driver/Source/misc.c ****   * @param  NVIC_VectTab: specifies if the vector table is in RAM or FLASH memory.
 148:Drivers/STM32F10x_StdPeriph_Driver/Source/misc.c ****   *   This parameter can be one of the following values:
 149:Drivers/STM32F10x_StdPeriph_Driver/Source/misc.c ****   *     @arg NVIC_VectTab_RAM
 150:Drivers/STM32F10x_StdPeriph_Driver/Source/misc.c ****   *     @arg NVIC_VectTab_FLASH
 151:Drivers/STM32F10x_StdPeriph_Driver/Source/misc.c ****   * @param  Offset: Vector Table base offset field. This value must be a multiple 
 152:Drivers/STM32F10x_StdPeriph_Driver/Source/misc.c ****   *         of 0x200.
 153:Drivers/STM32F10x_StdPeriph_Driver/Source/misc.c ****   * @retval None
 154:Drivers/STM32F10x_StdPeriph_Driver/Source/misc.c ****   */
 155:Drivers/STM32F10x_StdPeriph_Driver/Source/misc.c **** void NVIC_SetVectorTable(uint32_t NVIC_VectTab, uint32_t Offset)
 156:Drivers/STM32F10x_StdPeriph_Driver/Source/misc.c **** { 
 173              		.loc 1 156 1 is_stmt 1 view -0
 174              		.cfi_startproc
 175              		@ args = 0, pretend = 0, frame = 0
 176              		@ frame_needed = 0, uses_anonymous_args = 0
 177              		@ link register save eliminated.
 157:Drivers/STM32F10x_StdPeriph_Driver/Source/misc.c ****   /* Check the parameters */
 158:Drivers/STM32F10x_StdPeriph_Driver/Source/misc.c ****   assert_param(IS_NVIC_VECTTAB(NVIC_VectTab));
 178              		.loc 1 158 3 view .LVU50
 159:Drivers/STM32F10x_StdPeriph_Driver/Source/misc.c ****   assert_param(IS_NVIC_OFFSET(Offset));  
 179              		.loc 1 159 3 view .LVU51
 160:Drivers/STM32F10x_StdPeriph_Driver/Source/misc.c ****    
 161:Drivers/STM32F10x_StdPeriph_Driver/Source/misc.c ****   SCB->VTOR = NVIC_VectTab | (Offset & (uint32_t)0x1FFFFF80);
 180              		.loc 1 161 3 view .LVU52
 181              		.loc 1 161 38 is_stmt 0 view .LVU53
 182 0000 21F06041 		bic	r1, r1, #-536870912
ARM GAS  C:\Users\nine\AppData\Local\Temp\ccIT0uvk.s 			page 7


 183              	.LVL14:
 184              		.loc 1 161 38 view .LVU54
 185 0004 21F07F01 		bic	r1, r1, #127
 186              		.loc 1 161 28 view .LVU55
 187 0008 0143     		orrs	r1, r1, r0
 188              		.loc 1 161 13 view .LVU56
 189 000a 014B     		ldr	r3, .L10
 190 000c 9960     		str	r1, [r3, #8]
 162:Drivers/STM32F10x_StdPeriph_Driver/Source/misc.c **** }
 191              		.loc 1 162 1 view .LVU57
 192 000e 7047     		bx	lr
 193              	.L11:
 194              		.align	2
 195              	.L10:
 196 0010 00ED00E0 		.word	-536810240
 197              		.cfi_endproc
 198              	.LFE31:
 200              		.section	.text.NVIC_SystemLPConfig,"ax",%progbits
 201              		.align	1
 202              		.global	NVIC_SystemLPConfig
 203              		.syntax unified
 204              		.thumb
 205              		.thumb_func
 207              	NVIC_SystemLPConfig:
 208              	.LVL15:
 209              	.LFB32:
 163:Drivers/STM32F10x_StdPeriph_Driver/Source/misc.c **** 
 164:Drivers/STM32F10x_StdPeriph_Driver/Source/misc.c **** /**
 165:Drivers/STM32F10x_StdPeriph_Driver/Source/misc.c ****   * @brief  Selects the condition for the system to enter low power mode.
 166:Drivers/STM32F10x_StdPeriph_Driver/Source/misc.c ****   * @param  LowPowerMode: Specifies the new mode for the system to enter low power mode.
 167:Drivers/STM32F10x_StdPeriph_Driver/Source/misc.c ****   *   This parameter can be one of the following values:
 168:Drivers/STM32F10x_StdPeriph_Driver/Source/misc.c ****   *     @arg NVIC_LP_SEVONPEND
 169:Drivers/STM32F10x_StdPeriph_Driver/Source/misc.c ****   *     @arg NVIC_LP_SLEEPDEEP
 170:Drivers/STM32F10x_StdPeriph_Driver/Source/misc.c ****   *     @arg NVIC_LP_SLEEPONEXIT
 171:Drivers/STM32F10x_StdPeriph_Driver/Source/misc.c ****   * @param  NewState: new state of LP condition. This parameter can be: ENABLE or DISABLE.
 172:Drivers/STM32F10x_StdPeriph_Driver/Source/misc.c ****   * @retval None
 173:Drivers/STM32F10x_StdPeriph_Driver/Source/misc.c ****   */
 174:Drivers/STM32F10x_StdPeriph_Driver/Source/misc.c **** void NVIC_SystemLPConfig(uint8_t LowPowerMode, FunctionalState NewState)
 175:Drivers/STM32F10x_StdPeriph_Driver/Source/misc.c **** {
 210              		.loc 1 175 1 is_stmt 1 view -0
 211              		.cfi_startproc
 212              		@ args = 0, pretend = 0, frame = 0
 213              		@ frame_needed = 0, uses_anonymous_args = 0
 214              		@ link register save eliminated.
 176:Drivers/STM32F10x_StdPeriph_Driver/Source/misc.c ****   /* Check the parameters */
 177:Drivers/STM32F10x_StdPeriph_Driver/Source/misc.c ****   assert_param(IS_NVIC_LP(LowPowerMode));
 215              		.loc 1 177 3 view .LVU59
 178:Drivers/STM32F10x_StdPeriph_Driver/Source/misc.c ****   assert_param(IS_FUNCTIONAL_STATE(NewState));  
 216              		.loc 1 178 3 view .LVU60
 179:Drivers/STM32F10x_StdPeriph_Driver/Source/misc.c ****   
 180:Drivers/STM32F10x_StdPeriph_Driver/Source/misc.c ****   if (NewState != DISABLE)
 217              		.loc 1 180 3 view .LVU61
 218              		.loc 1 180 6 is_stmt 0 view .LVU62
 219 0000 21B1     		cbz	r1, .L13
 181:Drivers/STM32F10x_StdPeriph_Driver/Source/misc.c ****   {
 182:Drivers/STM32F10x_StdPeriph_Driver/Source/misc.c ****     SCB->SCR |= LowPowerMode;
 220              		.loc 1 182 5 is_stmt 1 view .LVU63
ARM GAS  C:\Users\nine\AppData\Local\Temp\ccIT0uvk.s 			page 8


 221              		.loc 1 182 14 is_stmt 0 view .LVU64
 222 0002 054B     		ldr	r3, .L15
 223 0004 1A69     		ldr	r2, [r3, #16]
 224 0006 1043     		orrs	r0, r0, r2
 225              	.LVL16:
 226              		.loc 1 182 14 view .LVU65
 227 0008 1861     		str	r0, [r3, #16]
 228 000a 7047     		bx	lr
 229              	.LVL17:
 230              	.L13:
 183:Drivers/STM32F10x_StdPeriph_Driver/Source/misc.c ****   }
 184:Drivers/STM32F10x_StdPeriph_Driver/Source/misc.c ****   else
 185:Drivers/STM32F10x_StdPeriph_Driver/Source/misc.c ****   {
 186:Drivers/STM32F10x_StdPeriph_Driver/Source/misc.c ****     SCB->SCR &= (uint32_t)(~(uint32_t)LowPowerMode);
 231              		.loc 1 186 5 is_stmt 1 view .LVU66
 232              		.loc 1 186 14 is_stmt 0 view .LVU67
 233 000c 024A     		ldr	r2, .L15
 234 000e 1369     		ldr	r3, [r2, #16]
 235 0010 23EA0000 		bic	r0, r3, r0
 236              	.LVL18:
 237              		.loc 1 186 14 view .LVU68
 238 0014 1061     		str	r0, [r2, #16]
 187:Drivers/STM32F10x_StdPeriph_Driver/Source/misc.c ****   }
 188:Drivers/STM32F10x_StdPeriph_Driver/Source/misc.c **** }
 239              		.loc 1 188 1 view .LVU69
 240 0016 7047     		bx	lr
 241              	.L16:
 242              		.align	2
 243              	.L15:
 244 0018 00ED00E0 		.word	-536810240
 245              		.cfi_endproc
 246              	.LFE32:
 248              		.section	.text.SysTick_CLKSourceConfig,"ax",%progbits
 249              		.align	1
 250              		.global	SysTick_CLKSourceConfig
 251              		.syntax unified
 252              		.thumb
 253              		.thumb_func
 255              	SysTick_CLKSourceConfig:
 256              	.LVL19:
 257              	.LFB33:
 189:Drivers/STM32F10x_StdPeriph_Driver/Source/misc.c **** 
 190:Drivers/STM32F10x_StdPeriph_Driver/Source/misc.c **** /**
 191:Drivers/STM32F10x_StdPeriph_Driver/Source/misc.c ****   * @brief  Configures the SysTick clock source.
 192:Drivers/STM32F10x_StdPeriph_Driver/Source/misc.c ****   * @param  SysTick_CLKSource: specifies the SysTick clock source.
 193:Drivers/STM32F10x_StdPeriph_Driver/Source/misc.c ****   *   This parameter can be one of the following values:
 194:Drivers/STM32F10x_StdPeriph_Driver/Source/misc.c ****   *     @arg SysTick_CLKSource_HCLK_Div8: AHB clock divided by 8 selected as SysTick clock source.
 195:Drivers/STM32F10x_StdPeriph_Driver/Source/misc.c ****   *     @arg SysTick_CLKSource_HCLK: AHB clock selected as SysTick clock source.
 196:Drivers/STM32F10x_StdPeriph_Driver/Source/misc.c ****   * @retval None
 197:Drivers/STM32F10x_StdPeriph_Driver/Source/misc.c ****   */
 198:Drivers/STM32F10x_StdPeriph_Driver/Source/misc.c **** void SysTick_CLKSourceConfig(uint32_t SysTick_CLKSource)
 199:Drivers/STM32F10x_StdPeriph_Driver/Source/misc.c **** {
 258              		.loc 1 199 1 is_stmt 1 view -0
 259              		.cfi_startproc
 260              		@ args = 0, pretend = 0, frame = 0
 261              		@ frame_needed = 0, uses_anonymous_args = 0
 262              		@ link register save eliminated.
ARM GAS  C:\Users\nine\AppData\Local\Temp\ccIT0uvk.s 			page 9


 200:Drivers/STM32F10x_StdPeriph_Driver/Source/misc.c ****   /* Check the parameters */
 201:Drivers/STM32F10x_StdPeriph_Driver/Source/misc.c ****   assert_param(IS_SYSTICK_CLK_SOURCE(SysTick_CLKSource));
 263              		.loc 1 201 3 view .LVU71
 202:Drivers/STM32F10x_StdPeriph_Driver/Source/misc.c ****   if (SysTick_CLKSource == SysTick_CLKSource_HCLK)
 264              		.loc 1 202 3 view .LVU72
 265              		.loc 1 202 6 is_stmt 0 view .LVU73
 266 0000 0428     		cmp	r0, #4
 267 0002 06D0     		beq	.L20
 203:Drivers/STM32F10x_StdPeriph_Driver/Source/misc.c ****   {
 204:Drivers/STM32F10x_StdPeriph_Driver/Source/misc.c ****     SysTick->CTRL |= SysTick_CLKSource_HCLK;
 205:Drivers/STM32F10x_StdPeriph_Driver/Source/misc.c ****   }
 206:Drivers/STM32F10x_StdPeriph_Driver/Source/misc.c ****   else
 207:Drivers/STM32F10x_StdPeriph_Driver/Source/misc.c ****   {
 208:Drivers/STM32F10x_StdPeriph_Driver/Source/misc.c ****     SysTick->CTRL &= SysTick_CLKSource_HCLK_Div8;
 268              		.loc 1 208 5 is_stmt 1 view .LVU74
 269              		.loc 1 208 19 is_stmt 0 view .LVU75
 270 0004 4FF0E022 		mov	r2, #-536813568
 271 0008 1369     		ldr	r3, [r2, #16]
 272 000a 23F00403 		bic	r3, r3, #4
 273 000e 1361     		str	r3, [r2, #16]
 209:Drivers/STM32F10x_StdPeriph_Driver/Source/misc.c ****   }
 210:Drivers/STM32F10x_StdPeriph_Driver/Source/misc.c **** }
 274              		.loc 1 210 1 view .LVU76
 275 0010 7047     		bx	lr
 276              	.L20:
 204:Drivers/STM32F10x_StdPeriph_Driver/Source/misc.c ****   }
 277              		.loc 1 204 5 is_stmt 1 view .LVU77
 204:Drivers/STM32F10x_StdPeriph_Driver/Source/misc.c ****   }
 278              		.loc 1 204 19 is_stmt 0 view .LVU78
 279 0012 4FF0E022 		mov	r2, #-536813568
 280 0016 1369     		ldr	r3, [r2, #16]
 281 0018 43F00403 		orr	r3, r3, #4
 282 001c 1361     		str	r3, [r2, #16]
 283 001e 7047     		bx	lr
 284              		.cfi_endproc
 285              	.LFE33:
 287              		.text
 288              	.Letext0:
 289              		.file 2 "e:\\programdata\\gnu arm embedded toolchain\\arm-none-eabi\\include\\machine\\_default_ty
 290              		.file 3 "e:\\programdata\\gnu arm embedded toolchain\\arm-none-eabi\\include\\sys\\_stdint.h"
 291              		.file 4 "Drivers/CMSIS/Include/core_cm3.h"
 292              		.file 5 "Drivers/CMSIS/Include/stm32f10x.h"
 293              		.file 6 "Drivers/STM32F10x_StdPeriph_Driver/Include/misc.h"
ARM GAS  C:\Users\nine\AppData\Local\Temp\ccIT0uvk.s 			page 10


DEFINED SYMBOLS
                            *ABS*:00000000 misc.c
C:\Users\nine\AppData\Local\Temp\ccIT0uvk.s:18     .text.NVIC_PriorityGroupConfig:00000000 $t
C:\Users\nine\AppData\Local\Temp\ccIT0uvk.s:24     .text.NVIC_PriorityGroupConfig:00000000 NVIC_PriorityGroupConfig
C:\Users\nine\AppData\Local\Temp\ccIT0uvk.s:48     .text.NVIC_PriorityGroupConfig:00000010 $d
C:\Users\nine\AppData\Local\Temp\ccIT0uvk.s:53     .text.NVIC_Init:00000000 $t
C:\Users\nine\AppData\Local\Temp\ccIT0uvk.s:59     .text.NVIC_Init:00000000 NVIC_Init
C:\Users\nine\AppData\Local\Temp\ccIT0uvk.s:158    .text.NVIC_Init:0000005c $d
C:\Users\nine\AppData\Local\Temp\ccIT0uvk.s:164    .text.NVIC_SetVectorTable:00000000 $t
C:\Users\nine\AppData\Local\Temp\ccIT0uvk.s:170    .text.NVIC_SetVectorTable:00000000 NVIC_SetVectorTable
C:\Users\nine\AppData\Local\Temp\ccIT0uvk.s:196    .text.NVIC_SetVectorTable:00000010 $d
C:\Users\nine\AppData\Local\Temp\ccIT0uvk.s:201    .text.NVIC_SystemLPConfig:00000000 $t
C:\Users\nine\AppData\Local\Temp\ccIT0uvk.s:207    .text.NVIC_SystemLPConfig:00000000 NVIC_SystemLPConfig
C:\Users\nine\AppData\Local\Temp\ccIT0uvk.s:244    .text.NVIC_SystemLPConfig:00000018 $d
C:\Users\nine\AppData\Local\Temp\ccIT0uvk.s:249    .text.SysTick_CLKSourceConfig:00000000 $t
C:\Users\nine\AppData\Local\Temp\ccIT0uvk.s:255    .text.SysTick_CLKSourceConfig:00000000 SysTick_CLKSourceConfig

NO UNDEFINED SYMBOLS
